<?xml version="1.0" encoding="UTF-8"?>
<!-- Generated by org.testng.reporters.JUnitXMLReporter -->
<testsuite hostname="shiwh" name="Test" tests="18" failures="1" timestamp="27 Mar 2017 06:57:15 GMT" time="360.251" errors="0">
  <testcase name="loginmiracle" time="11.679" classname="com.jtv.miracle3.LoginMirace3"/>
  <testcase name="logo" time="12.557" classname="com.jtv.miracle3.SettingLogo"/>
  <testcase name="font" time="10.772" classname="com.jtv.miracle3.SettingViewFont"/>
  <testcase name="changebox" time="18.682" classname="com.jtv.miracle3.CheckboxRadioBox"/>
  <testcase name="adduser" time="24.743" classname="com.jtv.miracle3.Adduser"/>
  <testcase name="view" time="19.856" classname="com.jtv.miracle3.ViewUser"/>
  <testcase name="reset" time="18.191" classname="com.jtv.miracle3.ResetQuery"/>
  <testcase name="betchadd" time="26.683" classname="com.jtv.miracle3.TableAdd"/>
  <testcase name="betchDelete" time="30.301" classname="com.jtv.miracle3.TableDelete"/>
  <testcase name="modify" time="16.209" classname="com.jtv.miracle3.ModifyUserPasswd"/>
  <testcase name="newrole" time="17.523" classname="com.jtv.miracle3.NewRoles"/>
  <testcase name="assign" time="14.944" classname="com.jtv.miracle3.AssignRoles">
    <failure type="java.lang.AssertionError" message="expected [mini-tree-checkbox mini-tree-checkbox-checked] but found [mini-tree-checkbox]">
      <![CDATA[java.lang.AssertionError: expected [mini-tree-checkbox mini-tree-checkbox-checked] but found [mini-tree-checkbox]
	at com.jtv.miracle3.AssignRoles.assign(AssignRoles.java:111)
	at java.util.concurrent.FutureTask.run(FutureTask.java:266)
	at java.util.concurrent.ThreadPoolExecutor.runWorker(ThreadPoolExecutor.java:1142)
	at java.util.concurrent.ThreadPoolExecutor$Worker.run(ThreadPoolExecutor.java:617)
	at java.lang.Thread.run(Thread.java:745)
... Removed 21 stack frames]]>
    </failure>
  </testcase> <!-- assign -->
  <testcase name="right" time="17.289" classname="com.jtv.miracle3.AssignRight"/>
  <testcase name="lable" time="27.416" classname="com.jtv.miracle3.CommonLable"/>
  <testcase name="query" time="27.015" classname="com.jtv.miracle3.AutoQuery"/>
  <testcase name="CommonTable1" time="27.3" classname="com.jtv.miracle3.CommonTable"/>
  <testcase name="delete" time="22.679" classname="com.jtv.miracle3.QueryDeleteUser"/>
  <testcase name="safeOut" time="16.346" classname="com.jtv.miracle3.SafeOut"/>
</testsuite> <!-- Test -->
